<?xml version="1.0" encoding="UTF-8"?>
<!-- Generated by org.testng.reporters.JUnitReportReporter -->
<testsuite hostname="Sayali" failures="0" tests="4" name="runtt.runtt.TTC" time="12.806" errors="0" timestamp="2023-04-18T13:35:40 IST" skipped="0">
  <testcase classname="runtt.runtt.TTC" name="test1" time="6.193"/>
  <system-out/>
  <testcase classname="runtt.runtt.TTC" name="test2" time="3.458"/>
  <system-out/>
  <testcase classname="runtt.runtt.TTC" name="test3" time="3.081"/>
  <system-out/>
  <testcase classname="runtt.runtt.TTC" name="test4" time="0.074"/>
  <system-out/>
</testsuite> <!-- runtt.runtt.TTC -->
